2016-07-11 14:52:40,433 - custodian.policy - INFO - Running policy elb-server-cert-ninety-days resource: iam-certificate region:us-east-1
2016-07-11 14:52:41,908 - custodian.resources.servercerficate - INFO - Filtered from 52 to 0 servercerficate
2016-07-11 14:52:41,910 - custodian.policy - INFO - policy: elb-server-cert-ninety-days resource:iam-certificate has count:0 time:1.48
2016-07-11 15:16:22,778 - custodian.policy - INFO - Running policy elb-server-cert-ninety-days resource: iam-certificate region:us-east-1
2016-07-11 15:16:24,101 - custodian.output - ERROR - Error while executing policy
Traceback (most recent call last):
  File "c:\users\rij190\my documents\cloudcustodianproject\cloud-custodian-local-fork\cloud-custodian\c7n\policy.py", line 205, in poll
    resources = self.resource_manager.resources()
  File "c:\users\rij190\my documents\cloudcustodianproject\cloud-custodian-local-fork\cloud-custodian\c7n\query.py", line 145, in resources
    return self.filter_resources(resources)
  File "c:\users\rij190\my documents\cloudcustodianproject\cloud-custodian-local-fork\cloud-custodian\c7n\manager.py", line 61, in filter_resources
    resources = f.process(resources, event)
  File "c:\users\rij190\my documents\cloudcustodianproject\cloud-custodian-local-fork\cloud-custodian\c7n\filters\core.py", line 152, in process
    return filter(self, resources)
  File "c:\users\rij190\my documents\cloudcustodianproject\cloud-custodian-local-fork\cloud-custodian\c7n\filters\core.py", line 235, in __call__
    matched = self.match(i)
  File "c:\users\rij190\my documents\cloudcustodianproject\cloud-custodian-local-fork\cloud-custodian\c7n\filters\core.py", line 270, in match
    v, r = self.process_value_type(self.v, r)
  File "c:\users\rij190\my documents\cloudcustodianproject\cloud-custodian-local-fork\cloud-custodian\c7n\filters\core.py", line 301, in process_value_type
    if not isinstance(sentinel, daytime):
NameError: global name 'daytime' is not defined
2016-07-11 15:16:58,062 - custodian.policy - INFO - Running policy elb-server-cert-ninety-days resource: iam-certificate region:us-east-1
2016-07-11 15:16:59,542 - custodian.output - ERROR - Error while executing policy
Traceback (most recent call last):
  File "c:\users\rij190\my documents\cloudcustodianproject\cloud-custodian-local-fork\cloud-custodian\c7n\policy.py", line 205, in poll
    resources = self.resource_manager.resources()
  File "c:\users\rij190\my documents\cloudcustodianproject\cloud-custodian-local-fork\cloud-custodian\c7n\query.py", line 145, in resources
    return self.filter_resources(resources)
  File "c:\users\rij190\my documents\cloudcustodianproject\cloud-custodian-local-fork\cloud-custodian\c7n\manager.py", line 61, in filter_resources
    resources = f.process(resources, event)
  File "c:\users\rij190\my documents\cloudcustodianproject\cloud-custodian-local-fork\cloud-custodian\c7n\filters\core.py", line 152, in process
    return filter(self, resources)
  File "c:\users\rij190\my documents\cloudcustodianproject\cloud-custodian-local-fork\cloud-custodian\c7n\filters\core.py", line 235, in __call__
    matched = self.match(i)
  File "c:\users\rij190\my documents\cloudcustodianproject\cloud-custodian-local-fork\cloud-custodian\c7n\filters\core.py", line 270, in match
    v, r = self.process_value_type(self.v, r)
TypeError: 'NoneType' object is not iterable
2016-07-11 15:17:30,434 - custodian.policy - INFO - Running policy elb-server-cert-ninety-days resource: iam-certificate region:us-east-1
2016-07-11 15:17:31,839 - custodian.resources.servercerficate - INFO - Filtered from 52 to 52 servercerficate
2016-07-11 15:17:31,842 - custodian.policy - INFO - policy: elb-server-cert-ninety-days resource:iam-certificate has count:52 time:1.41
2016-07-11 15:18:29,578 - custodian.policy - INFO - Running policy elb-server-cert-ninety-days resource: iam-certificate region:us-east-1
2016-07-11 15:18:30,936 - custodian.resources.servercerficate - INFO - Filtered from 52 to 0 servercerficate
2016-07-11 15:18:30,937 - custodian.policy - INFO - policy: elb-server-cert-ninety-days resource:iam-certificate has count:0 time:1.36
2016-07-11 15:19:48,607 - custodian.policy - INFO - Running policy elb-server-cert-ninety-days resource: iam-certificate region:us-east-1
2016-07-11 15:19:50,095 - custodian.resources.servercerficate - INFO - Filtered from 52 to 0 servercerficate
2016-07-11 15:19:50,096 - custodian.policy - INFO - policy: elb-server-cert-ninety-days resource:iam-certificate has count:0 time:1.49
2016-07-11 15:20:00,390 - custodian.policy - INFO - Running policy elb-server-cert-ninety-days resource: iam-certificate region:us-east-1
2016-07-11 15:20:01,795 - custodian.resources.servercerficate - INFO - Filtered from 52 to 0 servercerficate
2016-07-11 15:20:01,796 - custodian.policy - INFO - policy: elb-server-cert-ninety-days resource:iam-certificate has count:0 time:1.41
2016-07-11 15:23:24,358 - custodian.policy - INFO - Running policy elb-server-cert-ninety-days resource: iam-certificate region:us-east-1
2016-07-11 15:23:25,799 - custodian.resources.servercerficate - INFO - Filtered from 52 to 0 servercerficate
2016-07-11 15:23:25,801 - custodian.policy - INFO - policy: elb-server-cert-ninety-days resource:iam-certificate has count:0 time:1.44
2016-07-11 15:24:25,196 - custodian.policy - INFO - Running policy elb-server-cert-ninety-days resource: iam-certificate region:us-east-1
2016-07-11 15:24:26,598 - custodian.resources.servercerficate - INFO - Filtered from 52 to 52 servercerficate
2016-07-11 15:24:26,598 - custodian.policy - INFO - policy: elb-server-cert-ninety-days resource:iam-certificate has count:52 time:1.40
2016-07-11 15:25:02,506 - custodian.policy - INFO - Running policy elb-server-cert-ninety-days resource: iam-certificate region:us-east-1
2016-07-11 15:25:03,882 - custodian.resources.servercerficate - INFO - Filtered from 52 to 52 servercerficate
2016-07-11 15:25:03,884 - custodian.policy - INFO - policy: elb-server-cert-ninety-days resource:iam-certificate has count:52 time:1.38
2016-07-11 15:25:15,430 - custodian.policy - INFO - Running policy elb-server-cert-ninety-days resource: iam-certificate region:us-east-1
2016-07-11 15:25:16,753 - custodian.resources.servercerficate - INFO - Filtered from 52 to 34 servercerficate
2016-07-11 15:25:16,753 - custodian.policy - INFO - policy: elb-server-cert-ninety-days resource:iam-certificate has count:34 time:1.32
2016-07-11 15:29:10,892 - custodian.policy - INFO - Running policy elb-server-cert-ninety-days resource: iam-certificate region:us-east-1
2016-07-11 15:29:12,269 - custodian.resources.servercerficate - INFO - Filtered from 52 to 34 servercerficate
2016-07-11 15:29:12,270 - custodian.policy - INFO - policy: elb-server-cert-ninety-days resource:iam-certificate has count:34 time:1.38
2016-07-11 15:29:47,914 - custodian.policy - INFO - Running policy elb-server-cert-ninety-days resource: iam-certificate region:us-east-1
2016-07-11 15:29:49,313 - custodian.resources.servercerficate - INFO - Filtered from 52 to 34 servercerficate
2016-07-11 15:29:49,315 - custodian.policy - INFO - policy: elb-server-cert-ninety-days resource:iam-certificate has count:34 time:1.40
2016-07-11 15:29:57,857 - custodian.policy - INFO - Running policy elb-server-cert-ninety-days resource: iam-certificate region:us-east-1
2016-07-11 15:29:59,216 - custodian.resources.servercerficate - INFO - Filtered from 52 to 0 servercerficate
2016-07-11 15:29:59,216 - custodian.policy - INFO - policy: elb-server-cert-ninety-days resource:iam-certificate has count:0 time:1.36
2016-07-11 15:31:57,947 - custodian.policy - INFO - Running policy elb-server-cert-ninety-days resource: iam-certificate region:us-east-1
2016-07-11 15:31:59,394 - custodian.resources.servercerficate - INFO - Filtered from 52 to 34 servercerficate
2016-07-11 15:31:59,394 - custodian.policy - INFO - policy: elb-server-cert-ninety-days resource:iam-certificate has count:34 time:1.45
2016-07-11 15:33:17,483 - custodian.policy - INFO - Running policy elb-server-cert-ninety-days resource: iam-certificate region:us-east-1
2016-07-11 15:33:18,845 - custodian.resources.servercerficate - INFO - Filtered from 52 to 18 servercerficate
2016-07-11 15:33:18,845 - custodian.policy - INFO - policy: elb-server-cert-ninety-days resource:iam-certificate has count:18 time:1.36
2016-07-11 15:36:22,342 - custodian.policy - INFO - Running policy elb-server-cert-ninety-days resource: iam-certificate region:us-east-1
2016-07-11 15:36:23,736 - custodian.resources.servercerficate - INFO - Filtered from 52 to 0 servercerficate
2016-07-11 15:36:23,736 - custodian.policy - INFO - policy: elb-server-cert-ninety-days resource:iam-certificate has count:0 time:1.39
