2018-06-14 21:08:15,123 - custodian.azure.session - INFO - Creating session with Service Principal Authentication
2018-06-14 21:08:15,124 - custodian.azure.session - INFO - Session using Subscription ID: aa98974b-5d2a-4d98-a78a-382f3715d07e
2018-06-14 21:08:26,390 - custodian.policy - INFO - policy: azure-trim-tags resource:azure.storage region: count:8 time:18.14
2018-06-14 21:08:26,484 - custodian.actions - WARNING - Could not find any candidates to trim /subscriptions/aa98974b-5d2a-4d98-a78a-382f3715d07e/resourceGroups/erwelch-testing-again/providers/Microsoft.Storage/storageAccounts/erwelchfunctiona93d2
2018-06-14 21:08:26,528 - custodian.actions - WARNING - Could not find any candidates to trim /subscriptions/aa98974b-5d2a-4d98-a78a-382f3715d07e/resourceGroups/test_vm/providers/Microsoft.Storage/storageAccounts/45mqcga7pkswisalinuxvm
2018-06-14 21:08:26,529 - custodian.actions - WARNING - Could not find any candidates to trim /subscriptions/aa98974b-5d2a-4d98-a78a-382f3715d07e/resourceGroups/erwelch-testing-again/providers/Microsoft.Storage/storageAccounts/erwelchfunctiona93d
2018-06-14 21:08:26,532 - custodian.actions - WARNING - Could not find any candidates to trim /subscriptions/aa98974b-5d2a-4d98-a78a-382f3715d07e/resourceGroups/linuxcontainer3/providers/Microsoft.Storage/storageAccounts/linuxcontainer39017
2018-06-14 21:08:26,856 - custodian.azure.session - INFO - Creating session with Service Principal Authentication
2018-06-14 21:08:26,857 - custodian.azure.session - INFO - Session using Subscription ID: aa98974b-5d2a-4d98-a78a-382f3715d07e
2018-06-14 21:08:26,889 - custodian.azure.session - INFO - Creating session with Service Principal Authentication
2018-06-14 21:08:26,890 - custodian.azure.session - INFO - Session using Subscription ID: aa98974b-5d2a-4d98-a78a-382f3715d07e
2018-06-14 21:08:26,965 - custodian.azure.session - INFO - Creating session with Service Principal Authentication
2018-06-14 21:08:26,966 - custodian.azure.session - INFO - Session using Subscription ID: aa98974b-5d2a-4d98-a78a-382f3715d07e
2018-06-14 21:08:28,429 - custodian.actions - WARNING - Could not find any candidates to trim /subscriptions/aa98974b-5d2a-4d98-a78a-382f3715d07e/resourceGroups/andy-python-func/providers/Microsoft.Storage/storageAccounts/andypythonfuncdiag891
2018-06-14 21:08:28,765 - custodian.policy - INFO - policy: azure-trim-tags action: tagtrim resources: 8 execution_time: 2.28
2018-06-15 10:36:39,253 - custodian.azure.session - INFO - Creating session with Service Principal Authentication
2018-06-15 10:36:39,254 - custodian.azure.session - INFO - Session using Subscription ID: aa98974b-5d2a-4d98-a78a-382f3715d07e
2018-06-15 10:36:40,231 - custodian.policy - INFO - policy: azure-trim-tags resource:azure.storage region: count:8 time:15.53
2018-06-15 10:36:40,243 - custodian.actions - WARNING - Could not find any candidates to trim /subscriptions/aa98974b-5d2a-4d98-a78a-382f3715d07e/resourceGroups/erwelch-testing-again/providers/Microsoft.Storage/storageAccounts/erwelchfunctiona93d2
2018-06-15 10:36:40,244 - custodian.actions - WARNING - Could not find any candidates to trim /subscriptions/aa98974b-5d2a-4d98-a78a-382f3715d07e/resourceGroups/test_storage/providers/Microsoft.Storage/storageAccounts/cctstoragey6akyqpagdt3o
2018-06-15 10:36:40,245 - custodian.actions - WARNING - Could not find any candidates to trim /subscriptions/aa98974b-5d2a-4d98-a78a-382f3715d07e/resourceGroups/anzoloch-test-vm/providers/Microsoft.Storage/storageAccounts/anzolochtestvmdiag951
2018-06-15 10:36:40,246 - custodian.actions - WARNING - Could not find any candidates to trim /subscriptions/aa98974b-5d2a-4d98-a78a-382f3715d07e/resourceGroups/test_vm/providers/Microsoft.Storage/storageAccounts/45mqcga7pkswisalinuxvm
2018-06-15 10:36:40,246 - custodian.actions - WARNING - Could not find any candidates to trim /subscriptions/aa98974b-5d2a-4d98-a78a-382f3715d07e/resourceGroups/erwelch-testing-again/providers/Microsoft.Storage/storageAccounts/erwelchfunctiona93d
2018-06-15 10:36:40,247 - custodian.actions - WARNING - Could not find any candidates to trim /subscriptions/aa98974b-5d2a-4d98-a78a-382f3715d07e/resourceGroups/linuxcontainer3/providers/Microsoft.Storage/storageAccounts/linuxcontainer39017
2018-06-15 10:36:40,247 - custodian.actions - WARNING - Could not find any candidates to trim /subscriptions/aa98974b-5d2a-4d98-a78a-382f3715d07e/resourceGroups/andy-python-func/providers/Microsoft.Storage/storageAccounts/andypythonfunc
2018-06-15 10:36:40,248 - custodian.actions - WARNING - Could not find any candidates to trim /subscriptions/aa98974b-5d2a-4d98-a78a-382f3715d07e/resourceGroups/andy-python-func/providers/Microsoft.Storage/storageAccounts/andypythonfuncdiag891
2018-06-15 10:36:40,250 - custodian.policy - INFO - policy: azure-trim-tags action: tagtrim resources: 8 execution_time: 0.01
